<?xml version="1.0" encoding="UTF-8"?>
<!-- Generated by org.testng.reporters.JUnitReportReporter -->
<testsuite skipped="0" hostname="XOR-BAN-246" name="TestCases.LoginTestCases" tests="2" failures="0" timestamp="2021-07-12T00:28:18 IST" time="22.535" errors="0">
  <testcase name="LoginwithValidData" time="2.177" classname="TestCases.LoginTestCases"/>
  <system-out/>
  <testcase name="CreateAccountwithValidData" time="20.358" classname="TestCases.LoginTestCases"/>
  <system-out/>
</testsuite> <!-- TestCases.LoginTestCases -->
